[debug] [2019-05-28T17:04:54.515Z] ----------------------------------------------------------------------
[debug] [2019-05-28T17:04:54.521Z] Command:       C:\Program Files\nodejs\node.exe C:\Users\Avinash\AppData\Roaming\npm\node_modules\firebase-tools\lib\bin\firebase.js deploy
[debug] [2019-05-28T17:04:54.521Z] CLI Version:   6.10.0
[debug] [2019-05-28T17:04:54.521Z] Platform:      win32
[debug] [2019-05-28T17:04:54.521Z] Node Version:  v11.14.0
[debug] [2019-05-28T17:04:54.523Z] Time:          Tue May 28 2019 22:34:54 GMT+0530 (India Standard Time)
[debug] [2019-05-28T17:04:54.523Z] ----------------------------------------------------------------------
[debug] 
[debug] [2019-05-28T17:04:54.547Z] > command requires scopes: ["email","openid","https://www.googleapis.com/auth/cloudplatformprojects.readonly","https://www.googleapis.com/auth/firebase","https://www.googleapis.com/auth/cloud-platform"]
[debug] [2019-05-28T17:04:54.549Z] > authorizing via signed-in user
[debug] [2019-05-28T17:04:54.550Z] [iam] checking project digitalaudio for permissions ["firebase.projects.get","firebasehosting.sites.update"]
[debug] [2019-05-28T17:04:54.554Z] >>> HTTP REQUEST POST https://cloudresourcemanager.googleapis.com/v1/projects/digitalaudio:testIamPermissions  

[debug] [2019-05-28T17:04:56.774Z] <<< HTTP RESPONSE 200
[debug] [2019-05-28T17:04:56.780Z] >>> HTTP REQUEST GET https://firebase.googleapis.com/v1beta1/projects/digitalaudio  
 
[debug] [2019-05-28T17:04:57.722Z] <<< HTTP RESPONSE 200
[info] 
[info] === Deploying to 'digitalaudio'...
[info] 
[info] i  deploying hosting
[debug] [2019-05-28T17:04:57.777Z] >>> HTTP REQUEST POST https://firebasehosting.googleapis.com/v1beta1/sites/digitalaudio/versions  

[debug] [2019-05-28T17:05:01.240Z] <<< HTTP RESPONSE 200
[info] i  hosting[digitalaudio]: beginning deploy...
[info] i  hosting[digitalaudio]: found 10 files in dist/advancedaudioplayer
[debug] [2019-05-28T17:05:01.277Z] [hosting] hash cache [ZGlzdFxhZHZhbmNlZGF1ZGlvcGxheWVy] not populated
[debug] [2019-05-28T17:05:02.698Z] [hosting] hash cache [ZGlzdFxhZHZhbmNlZGF1ZGlvcGxheWVy] stored for 10 files
[debug] [2019-05-28T17:05:02.699Z] [hosting][hash queue][FINAL]
[debug] [2019-05-28T17:05:02.699Z] >>> HTTP REQUEST POST https://firebasehosting.googleapis.com/v1beta1/sites/digitalaudio/versions/beb643f85efe2ab9:populateFiles  
 <request body omitted>
[debug] [2019-05-28T17:05:05.040Z] <<< HTTP RESPONSE 200
[debug] [2019-05-28T17:05:05.052Z] [hosting][populate queue][FINAL]
[debug] [2019-05-28T17:05:05.052Z] [hosting] uploads queued: 10
[debug] [2019-05-28T17:12:03.831Z] ----------------------------------------------------------------------
[debug] [2019-05-28T17:12:03.837Z] Command:       C:\Program Files\nodejs\node.exe C:\Users\Avinash\AppData\Roaming\npm\node_modules\firebase-tools\lib\bin\firebase.js deploy
[debug] [2019-05-28T17:12:03.837Z] CLI Version:   6.10.0
[debug] [2019-05-28T17:12:03.837Z] Platform:      win32
[debug] [2019-05-28T17:12:03.837Z] Node Version:  v11.14.0
[debug] [2019-05-28T17:12:03.839Z] Time:          Tue May 28 2019 22:42:03 GMT+0530 (India Standard Time)
[debug] [2019-05-28T17:12:03.839Z] ----------------------------------------------------------------------
[debug] 
[debug] [2019-05-28T17:12:03.862Z] > command requires scopes: ["email","openid","https://www.googleapis.com/auth/cloudplatformprojects.readonly","https://www.googleapis.com/auth/firebase","https://www.googleapis.com/auth/cloud-platform"]
[debug] [2019-05-28T17:12:03.863Z] > authorizing via signed-in user
[debug] [2019-05-28T17:12:03.864Z] [iam] checking project digitalaudio for permissions ["firebase.projects.get","firebasehosting.sites.update"]
[debug] [2019-05-28T17:12:03.868Z] >>> HTTP REQUEST POST https://cloudresourcemanager.googleapis.com/v1/projects/digitalaudio:testIamPermissions  

[debug] [2019-05-28T17:12:05.850Z] <<< HTTP RESPONSE 200
[debug] [2019-05-28T17:12:05.854Z] >>> HTTP REQUEST GET https://firebase.googleapis.com/v1beta1/projects/digitalaudio  
 
[debug] [2019-05-28T17:12:06.801Z] <<< HTTP RESPONSE 200
[info] 
[info] === Deploying to 'digitalaudio'...
[info] 
[info] i  deploying hosting
[debug] [2019-05-28T17:12:06.811Z] >>> HTTP REQUEST POST https://firebasehosting.googleapis.com/v1beta1/sites/digitalaudio/versions  

[debug] [2019-05-28T17:12:09.353Z] <<< HTTP RESPONSE 200
[info] i  hosting[digitalaudio]: beginning deploy...
[info] i  hosting[digitalaudio]: found 10 files in dist/advancedaudioplayer
[debug] [2019-05-28T17:12:09.410Z] [hosting] hash cache [ZGlzdFxhZHZhbmNlZGF1ZGlvcGxheWVy] load error: lines is not defined
[debug] [2019-05-28T17:12:10.378Z] [hosting] hash cache [ZGlzdFxhZHZhbmNlZGF1ZGlvcGxheWVy] stored for 10 files
[debug] [2019-05-28T17:12:10.379Z] [hosting][hash queue][FINAL]
[debug] [2019-05-28T17:12:10.379Z] >>> HTTP REQUEST POST https://firebasehosting.googleapis.com/v1beta1/sites/digitalaudio/versions/2d68941ea72aad2c:populateFiles  
 <request body omitted>
[debug] [2019-05-28T17:12:13.190Z] <<< HTTP RESPONSE 200
[debug] [2019-05-28T17:12:13.193Z] [hosting][populate queue][FINAL]
[debug] [2019-05-28T17:12:13.193Z] [hosting] uploads queued: 1
[debug] [2019-05-28T17:19:49.872Z] ----------------------------------------------------------------------
[debug] [2019-05-28T17:19:49.885Z] Command:       C:\Program Files\nodejs\node.exe C:\Users\Avinash\AppData\Roaming\npm\node_modules\firebase-tools\lib\bin\firebase.js deploy
[debug] [2019-05-28T17:19:49.886Z] CLI Version:   6.10.0
[debug] [2019-05-28T17:19:49.886Z] Platform:      win32
[debug] [2019-05-28T17:19:49.886Z] Node Version:  v11.14.0
[debug] [2019-05-28T17:19:49.975Z] Time:          Tue May 28 2019 22:49:49 GMT+0530 (India Standard Time)
[debug] [2019-05-28T17:19:49.975Z] ----------------------------------------------------------------------
[debug] 
[debug] [2019-05-28T17:19:50.062Z] > command requires scopes: ["email","openid","https://www.googleapis.com/auth/cloudplatformprojects.readonly","https://www.googleapis.com/auth/firebase","https://www.googleapis.com/auth/cloud-platform"]
[debug] [2019-05-28T17:19:50.065Z] > authorizing via signed-in user
[debug] [2019-05-28T17:19:50.066Z] [iam] checking project digitalaudio for permissions ["firebase.projects.get","firebasehosting.sites.update"]
[debug] [2019-05-28T17:19:50.071Z] >>> HTTP REQUEST POST https://cloudresourcemanager.googleapis.com/v1/projects/digitalaudio:testIamPermissions  

